<?xml version="1.0" encoding="UTF-8"?>
<testng-results skipped="0" failed="0" ignored="0" total="2" passed="2">
  <reporter-output>
  </reporter-output>
  <suite name="regressionn" duration-ms="42351" started-at="2020-04-27T17:26:01Z" finished-at="2020-04-27T17:26:44Z">
    <groups>
    </groups>
    <test name="Prova Sicredi" duration-ms="42351" started-at="2020-04-27T17:26:01Z" finished-at="2020-04-27T17:26:44Z">
      <class name="org.dbserver.sicredi.provaSicredi.testCases.CriarEDeletarCustomerTestCase">
        <test-method status="PASS" signature="setUp()[pri:0, instance:org.dbserver.sicredi.provaSicredi.testCases.CriarEDeletarCustomerTestCase@3427b02d]" name="setUp" is-config="true" duration-ms="8941" started-at="2020-04-27T14:26:22Z" finished-at="2020-04-27T14:26:31Z">
          <reporter-output>
          </reporter-output>
        </test-method> <!-- setUp -->
        <test-method status="PASS" signature="CriarEDeletarCustomer()[pri:0, instance:org.dbserver.sicredi.provaSicredi.testCases.CriarEDeletarCustomerTestCase@3427b02d]" name="CriarEDeletarCustomer" duration-ms="12709" started-at="2020-04-27T14:26:31Z" finished-at="2020-04-27T14:26:43Z">
          <reporter-output>
          </reporter-output>
        </test-method> <!-- CriarEDeletarCustomer -->
        <test-method status="PASS" signature="tearDown()[pri:0, instance:org.dbserver.sicredi.provaSicredi.testCases.CriarEDeletarCustomerTestCase@3427b02d]" name="tearDown" is-config="true" duration-ms="175" started-at="2020-04-27T14:26:43Z" finished-at="2020-04-27T14:26:44Z">
          <reporter-output>
          </reporter-output>
        </test-method> <!-- tearDown -->
      </class> <!-- org.dbserver.sicredi.provaSicredi.testCases.CriarEDeletarCustomerTestCase -->
      <class name="org.dbserver.sicredi.provaSicredi.testCases.CriarNovoCustomerTestCase">
        <test-method status="PASS" signature="setUp()[pri:0, instance:org.dbserver.sicredi.provaSicredi.testCases.CriarNovoCustomerTestCase@28eaa59a]" name="setUp" is-config="true" duration-ms="12572" started-at="2020-04-27T14:26:01Z" finished-at="2020-04-27T14:26:14Z">
          <reporter-output>
          </reporter-output>
        </test-method> <!-- setUp -->
        <test-method status="PASS" signature="CriarNovoCustomer()[pri:0, instance:org.dbserver.sicredi.provaSicredi.testCases.CriarNovoCustomerTestCase@28eaa59a]" name="CriarNovoCustomer" duration-ms="7684" started-at="2020-04-27T14:26:14Z" finished-at="2020-04-27T14:26:22Z">
          <reporter-output>
          </reporter-output>
        </test-method> <!-- CriarNovoCustomer -->
        <test-method status="PASS" signature="tearDown()[pri:0, instance:org.dbserver.sicredi.provaSicredi.testCases.CriarNovoCustomerTestCase@28eaa59a]" name="tearDown" is-config="true" duration-ms="241" started-at="2020-04-27T14:26:22Z" finished-at="2020-04-27T14:26:22Z">
          <reporter-output>
          </reporter-output>
        </test-method> <!-- tearDown -->
      </class> <!-- org.dbserver.sicredi.provaSicredi.testCases.CriarNovoCustomerTestCase -->
    </test> <!-- Prova Sicredi -->
  </suite> <!-- regressionn -->
</testng-results>
