<?xml version="1.0" encoding="UTF-8"?>
<!-- Generated by org.testng.reporters.JUnitXMLReporter -->
<testsuite hostname="DBS-NOTE-423" ignored="0" name="Prova Sicredi" tests="2" failures="0" timestamp="27 Apr 2020 17:26:44 GMT" time="42.351" errors="0">
  <testcase name="CriarNovoCustomer" time="7.684" classname="org.dbserver.sicredi.provaSicredi.testCases.CriarNovoCustomerTestCase"/>
  <testcase name="CriarEDeletarCustomer" time="12.709" classname="org.dbserver.sicredi.provaSicredi.testCases.CriarEDeletarCustomerTestCase"/>
</testsuite> <!-- Prova Sicredi -->
